[LightGBM] [Warning] Unknown parameter: machine_list_file
[LightGBM] [Info] Finished loading parameters
[LightGBM] [Info] Loading query boundaries...
[LightGBM] [Info] Loading query boundaries...
[LightGBM] [Info] Finished loading data in 4.188246 seconds
[LightGBM] [Info] Total Bins 5381
[LightGBM] [Info] Number of data: 177938, number of used features: 34
[LightGBM] [Info] Finished initializing training
[LightGBM] [Info] Started training...
[LightGBM] [Info] Iteration:1, training ndcg@1 : 0.280665
[LightGBM] [Info] Iteration:1, training ndcg@3 : 0.464187
[LightGBM] [Info] Iteration:1, training ndcg@5 : 0.527092
[LightGBM] [Info] Iteration:1, valid_1 ndcg@1 : 0.288779
[LightGBM] [Info] Iteration:1, valid_1 ndcg@3 : 0.462494
[LightGBM] [Info] Iteration:1, valid_1 ndcg@5 : 0.52175
[LightGBM] [Info] 0.800365 seconds elapsed, finished iteration 1
[LightGBM] [Info] Iteration:2, training ndcg@1 : 0.344527
[LightGBM] [Info] Iteration:2, training ndcg@3 : 0.523408
[LightGBM] [Info] Iteration:2, training ndcg@5 : 0.571617
[LightGBM] [Info] Iteration:2, valid_1 ndcg@1 : 0.331683
[LightGBM] [Info] Iteration:2, valid_1 ndcg@3 : 0.504239
[LightGBM] [Info] Iteration:2, valid_1 ndcg@5 : 0.557075
[LightGBM] [Info] 1.163369 seconds elapsed, finished iteration 2
[LightGBM] [Info] Iteration:3, training ndcg@1 : 0.367385
[LightGBM] [Info] Iteration:3, training ndcg@3 : 0.539532
[LightGBM] [Info] Iteration:3, training ndcg@5 : 0.584566
[LightGBM] [Info] Iteration:3, valid_1 ndcg@1 : 0.351485
[LightGBM] [Info] Iteration:3, valid_1 ndcg@3 : 0.522136
[LightGBM] [Info] Iteration:3, valid_1 ndcg@5 : 0.571599
[LightGBM] [Info] 2.068176 seconds elapsed, finished iteration 3
[LightGBM] [Info] Iteration:4, training ndcg@1 : 0.374926
[LightGBM] [Info] Iteration:4, training ndcg@3 : 0.544555
[LightGBM] [Info] Iteration:4, training ndcg@5 : 0.588187
[LightGBM] [Info] Iteration:4, valid_1 ndcg@1 : 0.362211
[LightGBM] [Info] Iteration:4, valid_1 ndcg@3 : 0.523697
[LightGBM] [Info] Iteration:4, valid_1 ndcg@5 : 0.579015
[LightGBM] [Info] 2.981268 seconds elapsed, finished iteration 4
[LightGBM] [Info] Iteration:5, training ndcg@1 : 0.388359
[LightGBM] [Info] Iteration:5, training ndcg@3 : 0.552954
[LightGBM] [Info] Iteration:5, training ndcg@5 : 0.595291
[LightGBM] [Info] Iteration:5, valid_1 ndcg@1 : 0.369637
[LightGBM] [Info] Iteration:5, valid_1 ndcg@3 : 0.530563
[LightGBM] [Info] Iteration:5, valid_1 ndcg@5 : 0.582159
[LightGBM] [Info] 3.733747 seconds elapsed, finished iteration 5
[LightGBM] [Info] Iteration:6, training ndcg@1 : 0.394368
[LightGBM] [Info] Iteration:6, training ndcg@3 : 0.556758
[LightGBM] [Info] Iteration:6, training ndcg@5 : 0.598704
[LightGBM] [Info] Iteration:6, valid_1 ndcg@1 : 0.373762
[LightGBM] [Info] Iteration:6, valid_1 ndcg@3 : 0.532282
[LightGBM] [Info] Iteration:6, valid_1 ndcg@5 : 0.583174
[LightGBM] [Info] 4.146373 seconds elapsed, finished iteration 6
[LightGBM] [Info] Iteration:7, training ndcg@1 : 0.398256
[LightGBM] [Info] Iteration:7, training ndcg@3 : 0.55851
[LightGBM] [Info] Iteration:7, training ndcg@5 : 0.601364
[LightGBM] [Info] Iteration:7, valid_1 ndcg@1 : 0.373762
[LightGBM] [Info] Iteration:7, valid_1 ndcg@3 : 0.536516
[LightGBM] [Info] Iteration:7, valid_1 ndcg@5 : 0.584492
[LightGBM] [Info] 4.957568 seconds elapsed, finished iteration 7
[LightGBM] [Info] Iteration:8, training ndcg@1 : 0.402144
[LightGBM] [Info] Iteration:8, training ndcg@3 : 0.561704
[LightGBM] [Info] Iteration:8, training ndcg@5 : 0.604279
[LightGBM] [Info] Iteration:8, valid_1 ndcg@1 : 0.386139
[LightGBM] [Info] Iteration:8, valid_1 ndcg@3 : 0.544158
[LightGBM] [Info] Iteration:8, valid_1 ndcg@5 : 0.592025
[LightGBM] [Info] 5.767704 seconds elapsed, finished iteration 8
[LightGBM] [Info] Iteration:9, training ndcg@1 : 0.407093
[LightGBM] [Info] Iteration:9, training ndcg@3 : 0.564467
[LightGBM] [Info] Iteration:9, training ndcg@5 : 0.607756
[LightGBM] [Info] Iteration:9, valid_1 ndcg@1 : 0.384488
[LightGBM] [Info] Iteration:9, valid_1 ndcg@3 : 0.54292
[LightGBM] [Info] Iteration:9, valid_1 ndcg@5 : 0.592818
[LightGBM] [Info] 6.007277 seconds elapsed, finished iteration 9
[LightGBM] [Info] Iteration:10, training ndcg@1 : 0.411924
[LightGBM] [Info] Iteration:10, training ndcg@3 : 0.566908
[LightGBM] [Info] Iteration:10, training ndcg@5 : 0.610872
[LightGBM] [Info] Iteration:10, valid_1 ndcg@1 : 0.380363
[LightGBM] [Info] Iteration:10, valid_1 ndcg@3 : 0.543264
[LightGBM] [Info] Iteration:10, valid_1 ndcg@5 : 0.589782
[LightGBM] [Info] 6.970204 seconds elapsed, finished iteration 10
[LightGBM] [Info] Iteration:11, training ndcg@1 : 0.413809
[LightGBM] [Info] Iteration:11, training ndcg@3 : 0.568753
[LightGBM] [Info] Iteration:11, training ndcg@5 : 0.61191
[LightGBM] [Info] Iteration:11, valid_1 ndcg@1 : 0.382013
[LightGBM] [Info] Iteration:11, valid_1 ndcg@3 : 0.547389
[LightGBM] [Info] Iteration:11, valid_1 ndcg@5 : 0.593378
[LightGBM] [Info] 7.777658 seconds elapsed, finished iteration 11
[LightGBM] [Info] Iteration:12, training ndcg@1 : 0.415695
[LightGBM] [Info] Iteration:12, training ndcg@3 : 0.570186
[LightGBM] [Info] Iteration:12, training ndcg@5 : 0.613094
[LightGBM] [Info] Iteration:12, valid_1 ndcg@1 : 0.388614
[LightGBM] [Info] Iteration:12, valid_1 ndcg@3 : 0.549845
[LightGBM] [Info] Iteration:12, valid_1 ndcg@5 : 0.595587
[LightGBM] [Info] 8.095658 seconds elapsed, finished iteration 12
[LightGBM] [Info] Iteration:13, training ndcg@1 : 0.418169
[LightGBM] [Info] Iteration:13, training ndcg@3 : 0.571402
[LightGBM] [Info] Iteration:13, training ndcg@5 : 0.614042
[LightGBM] [Info] Iteration:13, valid_1 ndcg@1 : 0.387789
[LightGBM] [Info] Iteration:13, valid_1 ndcg@3 : 0.547261
[LightGBM] [Info] Iteration:13, valid_1 ndcg@5 : 0.596376
[LightGBM] [Info] 8.959869 seconds elapsed, finished iteration 13
[LightGBM] [Info] Iteration:14, training ndcg@1 : 0.418405
[LightGBM] [Info] Iteration:14, training ndcg@3 : 0.572303
[LightGBM] [Info] Iteration:14, training ndcg@5 : 0.615201
[LightGBM] [Info] Iteration:14, valid_1 ndcg@1 : 0.393564
[LightGBM] [Info] Iteration:14, valid_1 ndcg@3 : 0.55013
[LightGBM] [Info] Iteration:14, valid_1 ndcg@5 : 0.599136
[LightGBM] [Info] 9.759075 seconds elapsed, finished iteration 14
[LightGBM] [Info] Iteration:15, training ndcg@1 : 0.419936
[LightGBM] [Info] Iteration:15, training ndcg@3 : 0.573677
[LightGBM] [Info] Iteration:15, training ndcg@5 : 0.615669
[LightGBM] [Info] Iteration:15, valid_1 ndcg@1 : 0.39604
[LightGBM] [Info] Iteration:15, valid_1 ndcg@3 : 0.552821
[LightGBM] [Info] Iteration:15, valid_1 ndcg@5 : 0.600906
[LightGBM] [Info] 10.841542 seconds elapsed, finished iteration 15
[LightGBM] [Info] Iteration:16, training ndcg@1 : 0.420879
[LightGBM] [Info] Iteration:16, training ndcg@3 : 0.574969
[LightGBM] [Info] Iteration:16, training ndcg@5 : 0.616656
[LightGBM] [Info] Iteration:16, valid_1 ndcg@1 : 0.394389
[LightGBM] [Info] Iteration:16, valid_1 ndcg@3 : 0.552841
[LightGBM] [Info] Iteration:16, valid_1 ndcg@5 : 0.601594
[LightGBM] [Info] 11.185586 seconds elapsed, finished iteration 16
[LightGBM] [Info] Iteration:17, training ndcg@1 : 0.42406
[LightGBM] [Info] Iteration:17, training ndcg@3 : 0.576397
[LightGBM] [Info] Iteration:17, training ndcg@5 : 0.618262
[LightGBM] [Info] Iteration:17, valid_1 ndcg@1 : 0.394389
[LightGBM] [Info] Iteration:17, valid_1 ndcg@3 : 0.553342
[LightGBM] [Info] Iteration:17, valid_1 ndcg@5 : 0.601209
[LightGBM] [Info] 12.046391 seconds elapsed, finished iteration 17
[LightGBM] [Info] Iteration:18, training ndcg@1 : 0.425474
[LightGBM] [Info] Iteration:18, training ndcg@3 : 0.577924
[LightGBM] [Info] Iteration:18, training ndcg@5 : 0.619494
[LightGBM] [Info] Iteration:18, valid_1 ndcg@1 : 0.394389
[LightGBM] [Info] Iteration:18, valid_1 ndcg@3 : 0.550739
[LightGBM] [Info] Iteration:18, valid_1 ndcg@5 : 0.600913
[LightGBM] [Info] 12.783848 seconds elapsed, finished iteration 18
[LightGBM] [Info] Iteration:19, training ndcg@1 : 0.427242
[LightGBM] [Info] Iteration:19, training ndcg@3 : 0.580035
[LightGBM] [Info] Iteration:19, training ndcg@5 : 0.620642
[LightGBM] [Info] Iteration:19, valid_1 ndcg@1 : 0.396865
[LightGBM] [Info] Iteration:19, valid_1 ndcg@3 : 0.554668
[LightGBM] [Info] Iteration:19, valid_1 ndcg@5 : 0.602391
[LightGBM] [Info] 13.133772 seconds elapsed, finished iteration 19
[LightGBM] [Info] Iteration:20, training ndcg@1 : 0.427713
[LightGBM] [Info] Iteration:20, training ndcg@3 : 0.580283
[LightGBM] [Info] Iteration:20, training ndcg@5 : 0.621382
[LightGBM] [Info] Iteration:20, valid_1 ndcg@1 : 0.39769
[LightGBM] [Info] Iteration:20, valid_1 ndcg@3 : 0.556711
[LightGBM] [Info] Iteration:20, valid_1 ndcg@5 : 0.60273
[LightGBM] [Info] 13.935459 seconds elapsed, finished iteration 20
[LightGBM] [Info] Iteration:21, training ndcg@1 : 0.429245
[LightGBM] [Info] Iteration:21, training ndcg@3 : 0.580523
[LightGBM] [Info] Iteration:21, training ndcg@5 : 0.622119
[LightGBM] [Info] Iteration:21, valid_1 ndcg@1 : 0.39934
[LightGBM] [Info] Iteration:21, valid_1 ndcg@3 : 0.556387
[LightGBM] [Info] Iteration:21, valid_1 ndcg@5 : 0.604357
[LightGBM] [Info] 14.566583 seconds elapsed, finished iteration 21
[LightGBM] [Info] Iteration:22, training ndcg@1 : 0.429952
[LightGBM] [Info] Iteration:22, training ndcg@3 : 0.580666
[LightGBM] [Info] Iteration:22, training ndcg@5 : 0.62277
[LightGBM] [Info] Iteration:22, valid_1 ndcg@1 : 0.398515
[LightGBM] [Info] Iteration:22, valid_1 ndcg@3 : 0.555797
[LightGBM] [Info] Iteration:22, valid_1 ndcg@5 : 0.604586
[LightGBM] [Info] 14.961381 seconds elapsed, finished iteration 22
[LightGBM] [Info] Iteration:23, training ndcg@1 : 0.430659
[LightGBM] [Info] Iteration:23, training ndcg@3 : 0.581865
[LightGBM] [Info] Iteration:23, training ndcg@5 : 0.62334
[LightGBM] [Info] Iteration:23, valid_1 ndcg@1 : 0.39769
[LightGBM] [Info] Iteration:23, valid_1 ndcg@3 : 0.557987
[LightGBM] [Info] Iteration:23, valid_1 ndcg@5 : 0.605813
[LightGBM] [Info] 15.774233 seconds elapsed, finished iteration 23
[LightGBM] [Info] Iteration:24, training ndcg@1 : 0.430423
[LightGBM] [Info] Iteration:24, training ndcg@3 : 0.582663
[LightGBM] [Info] Iteration:24, training ndcg@5 : 0.624113
[LightGBM] [Info] Iteration:24, valid_1 ndcg@1 : 0.39769
[LightGBM] [Info] Iteration:24, valid_1 ndcg@3 : 0.560031
[LightGBM] [Info] Iteration:24, valid_1 ndcg@5 : 0.606899
[LightGBM] [Info] 16.158545 seconds elapsed, finished iteration 24
[LightGBM] [Info] Iteration:25, training ndcg@1 : 0.432426
[LightGBM] [Info] Iteration:25, training ndcg@3 : 0.583459
[LightGBM] [Info] Iteration:25, training ndcg@5 : 0.62536
[LightGBM] [Info] Iteration:25, valid_1 ndcg@1 : 0.398515
[LightGBM] [Info] Iteration:25, valid_1 ndcg@3 : 0.560659
[LightGBM] [Info] Iteration:25, valid_1 ndcg@5 : 0.607033
[LightGBM] [Info] 17.045936 seconds elapsed, finished iteration 25
[LightGBM] [Info] Iteration:26, training ndcg@1 : 0.434665
[LightGBM] [Info] Iteration:26, training ndcg@3 : 0.585215
[LightGBM] [Info] Iteration:26, training ndcg@5 : 0.626745
[LightGBM] [Info] Iteration:26, valid_1 ndcg@1 : 0.400165
[LightGBM] [Info] Iteration:26, valid_1 ndcg@3 : 0.561268
[LightGBM] [Info] Iteration:26, valid_1 ndcg@5 : 0.607179
[LightGBM] [Info] 18.026997 seconds elapsed, finished iteration 26
[LightGBM] [Info] Iteration:27, training ndcg@1 : 0.435607
[LightGBM] [Info] Iteration:27, training ndcg@3 : 0.585519
[LightGBM] [Info] Iteration:27, training ndcg@5 : 0.627181
[LightGBM] [Info] Iteration:27, valid_1 ndcg@1 : 0.401815
[LightGBM] [Info] Iteration:27, valid_1 ndcg@3 : 0.562093
[LightGBM] [Info] Iteration:27, valid_1 ndcg@5 : 0.60804
[LightGBM] [Info] 19.177599 seconds elapsed, finished iteration 27
[LightGBM] [Info] Iteration:28, training ndcg@1 : 0.436432
[LightGBM] [Info] Iteration:28, training ndcg@3 : 0.586828
[LightGBM] [Info] Iteration:28, training ndcg@5 : 0.628028
[LightGBM] [Info] Iteration:28, valid_1 ndcg@1 : 0.401815
[LightGBM] [Info] Iteration:28, valid_1 ndcg@3 : 0.563547
[LightGBM] [Info] Iteration:28, valid_1 ndcg@5 : 0.608566
[LightGBM] [Info] 20.180056 seconds elapsed, finished iteration 28
[LightGBM] [Info] Iteration:29, training ndcg@1 : 0.43655
[LightGBM] [Info] Iteration:29, training ndcg@3 : 0.586856
[LightGBM] [Info] Iteration:29, training ndcg@5 : 0.62831
[LightGBM] [Info] Iteration:29, valid_1 ndcg@1 : 0.40264
[LightGBM] [Info] Iteration:29, valid_1 ndcg@3 : 0.563743
[LightGBM] [Info] Iteration:29, valid_1 ndcg@5 : 0.609865
[LightGBM] [Info] 20.841538 seconds elapsed, finished iteration 29
[LightGBM] [Info] Iteration:30, training ndcg@1 : 0.4382
[LightGBM] [Info] Iteration:30, training ndcg@3 : 0.588298
[LightGBM] [Info] Iteration:30, training ndcg@5 : 0.629321
[LightGBM] [Info] Iteration:30, valid_1 ndcg@1 : 0.403465
[LightGBM] [Info] Iteration:30, valid_1 ndcg@3 : 0.565001
[LightGBM] [Info] Iteration:30, valid_1 ndcg@5 : 0.611086
[LightGBM] [Info] 21.264431 seconds elapsed, finished iteration 30
[LightGBM] [Info] Iteration:31, training ndcg@1 : 0.438553
[LightGBM] [Info] Iteration:31, training ndcg@3 : 0.588616
[LightGBM] [Info] Iteration:31, training ndcg@5 : 0.630182
[LightGBM] [Info] Iteration:31, valid_1 ndcg@1 : 0.405116
[LightGBM] [Info] Iteration:31, valid_1 ndcg@3 : 0.565178
[LightGBM] [Info] Iteration:31, valid_1 ndcg@5 : 0.611263
[LightGBM] [Info] 22.176790 seconds elapsed, finished iteration 31
[LightGBM] [Info] Iteration:32, training ndcg@1 : 0.439849
[LightGBM] [Info] Iteration:32, training ndcg@3 : 0.589656
[LightGBM] [Info] Iteration:32, training ndcg@5 : 0.630543
[LightGBM] [Info] Iteration:32, valid_1 ndcg@1 : 0.403465
[LightGBM] [Info] Iteration:32, valid_1 ndcg@3 : 0.564461
[LightGBM] [Info] Iteration:32, valid_1 ndcg@5 : 0.610226
[LightGBM] [Info] 22.875491 seconds elapsed, finished iteration 32
[LightGBM] [Info] Iteration:33, training ndcg@1 : 0.440438
[LightGBM] [Info] Iteration:33, training ndcg@3 : 0.590399
[LightGBM] [Info] Iteration:33, training ndcg@5 : 0.631382
[LightGBM] [Info] Iteration:33, valid_1 ndcg@1 : 0.40264
[LightGBM] [Info] Iteration:33, valid_1 ndcg@3 : 0.564893
[LightGBM] [Info] Iteration:33, valid_1 ndcg@5 : 0.610056
[LightGBM] [Info] 23.647075 seconds elapsed, finished iteration 33
[LightGBM] [Info] Iteration:34, training ndcg@1 : 0.441617
[LightGBM] [Info] Iteration:34, training ndcg@3 : 0.591293
[LightGBM] [Info] Iteration:34, training ndcg@5 : 0.632397
[LightGBM] [Info] Iteration:34, valid_1 ndcg@1 : 0.40429
[LightGBM] [Info] Iteration:34, valid_1 ndcg@3 : 0.567584
[LightGBM] [Info] Iteration:34, valid_1 ndcg@5 : 0.611826
[LightGBM] [Info] 23.913865 seconds elapsed, finished iteration 34
[LightGBM] [Info] Iteration:35, training ndcg@1 : 0.442795
[LightGBM] [Info] Iteration:35, training ndcg@3 : 0.592663
[LightGBM] [Info] Iteration:35, training ndcg@5 : 0.633215
[LightGBM] [Info] Iteration:35, valid_1 ndcg@1 : 0.40429
[LightGBM] [Info] Iteration:35, valid_1 ndcg@3 : 0.566454
[LightGBM] [Info] Iteration:35, valid_1 ndcg@5 : 0.611763
[LightGBM] [Info] 24.791641 seconds elapsed, finished iteration 35
[LightGBM] [Info] Iteration:36, training ndcg@1 : 0.444327
[LightGBM] [Info] Iteration:36, training ndcg@3 : 0.593029
[LightGBM] [Info] Iteration:36, training ndcg@5 : 0.63384
[LightGBM] [Info] Iteration:36, valid_1 ndcg@1 : 0.407591
[LightGBM] [Info] Iteration:36, valid_1 ndcg@3 : 0.567564
[LightGBM] [Info] Iteration:36, valid_1 ndcg@5 : 0.612626
[LightGBM] [Info] 25.182877 seconds elapsed, finished iteration 36
[LightGBM] [Info] Iteration:37, training ndcg@1 : 0.445387
[LightGBM] [Info] Iteration:37, training ndcg@3 : 0.593951
[LightGBM] [Info] Iteration:37, training ndcg@5 : 0.63438
[LightGBM] [Info] Iteration:37, valid_1 ndcg@1 : 0.407591
[LightGBM] [Info] Iteration:37, valid_1 ndcg@3 : 0.567869
[LightGBM] [Info] Iteration:37, valid_1 ndcg@5 : 0.61293
[LightGBM] [Info] 25.847109 seconds elapsed, finished iteration 37
[LightGBM] [Info] Iteration:38, training ndcg@1 : 0.446683
[LightGBM] [Info] Iteration:38, training ndcg@3 : 0.595034
[LightGBM] [Info] Iteration:38, training ndcg@5 : 0.635327
[LightGBM] [Info] Iteration:38, valid_1 ndcg@1 : 0.410066
[LightGBM] [Info] Iteration:38, valid_1 ndcg@3 : 0.569627
[LightGBM] [Info] Iteration:38, valid_1 ndcg@5 : 0.614761
[LightGBM] [Info] 26.133875 seconds elapsed, finished iteration 38
[LightGBM] [Info] Iteration:39, training ndcg@1 : 0.447626
[LightGBM] [Info] Iteration:39, training ndcg@3 : 0.595257
[LightGBM] [Info] Iteration:39, training ndcg@5 : 0.636295
[LightGBM] [Info] Iteration:39, valid_1 ndcg@1 : 0.410891
[LightGBM] [Info] Iteration:39, valid_1 ndcg@3 : 0.569735
[LightGBM] [Info] Iteration:39, valid_1 ndcg@5 : 0.615862
[LightGBM] [Info] 26.980660 seconds elapsed, finished iteration 39
[LightGBM] [Info] Iteration:40, training ndcg@1 : 0.449747
[LightGBM] [Info] Iteration:40, training ndcg@3 : 0.596296
[LightGBM] [Info] Iteration:40, training ndcg@5 : 0.637264
[LightGBM] [Info] Iteration:40, valid_1 ndcg@1 : 0.410891
[LightGBM] [Info] Iteration:40, valid_1 ndcg@3 : 0.571798
[LightGBM] [Info] Iteration:40, valid_1 ndcg@5 : 0.616076
[LightGBM] [Info] 27.826609 seconds elapsed, finished iteration 40
[LightGBM] [Info] Iteration:41, training ndcg@1 : 0.452575
[LightGBM] [Info] Iteration:41, training ndcg@3 : 0.59786
[LightGBM] [Info] Iteration:41, training ndcg@5 : 0.638624
[LightGBM] [Info] Iteration:41, valid_1 ndcg@1 : 0.414191
[LightGBM] [Info] Iteration:41, valid_1 ndcg@3 : 0.572191
[LightGBM] [Info] Iteration:41, valid_1 ndcg@5 : 0.617071
[LightGBM] [Info] 28.107609 seconds elapsed, finished iteration 41
[LightGBM] [Info] Iteration:42, training ndcg@1 : 0.453281
[LightGBM] [Info] Iteration:42, training ndcg@3 : 0.598301
[LightGBM] [Info] Iteration:42, training ndcg@5 : 0.639091
[LightGBM] [Info] Iteration:42, valid_1 ndcg@1 : 0.415017
[LightGBM] [Info] Iteration:42, valid_1 ndcg@3 : 0.573212
[LightGBM] [Info] Iteration:42, valid_1 ndcg@5 : 0.617208
[LightGBM] [Info] 28.815957 seconds elapsed, finished iteration 42
[LightGBM] [Info] Iteration:43, training ndcg@1 : 0.453988
[LightGBM] [Info] Iteration:43, training ndcg@3 : 0.598831
[LightGBM] [Info] Iteration:43, training ndcg@5 : 0.639793
[LightGBM] [Info] Iteration:43, valid_1 ndcg@1 : 0.410891
[LightGBM] [Info] Iteration:43, valid_1 ndcg@3 : 0.570757
[LightGBM] [Info] Iteration:43, valid_1 ndcg@5 : 0.615143
[LightGBM] [Info] 30.858785 seconds elapsed, finished iteration 43
[LightGBM] [Info] Iteration:44, training ndcg@1 : 0.453281
[LightGBM] [Info] Iteration:44, training ndcg@3 : 0.598635
[LightGBM] [Info] Iteration:44, training ndcg@5 : 0.639764
[LightGBM] [Info] Iteration:44, valid_1 ndcg@1 : 0.414191
[LightGBM] [Info] Iteration:44, valid_1 ndcg@3 : 0.572495
[LightGBM] [Info] Iteration:44, valid_1 ndcg@5 : 0.616599
[LightGBM] [Info] 31.321407 seconds elapsed, finished iteration 44
[LightGBM] [Info] Iteration:45, training ndcg@1 : 0.455285
[LightGBM] [Info] Iteration:45, training ndcg@3 : 0.600186
[LightGBM] [Info] Iteration:45, training ndcg@5 : 0.641278
[LightGBM] [Info] Iteration:45, valid_1 ndcg@1 : 0.414191
[LightGBM] [Info] Iteration:45, valid_1 ndcg@3 : 0.570953
[LightGBM] [Info] Iteration:45, valid_1 ndcg@5 : 0.617508
[LightGBM] [Info] 31.916299 seconds elapsed, finished iteration 45
[LightGBM] [Info] Iteration:46, training ndcg@1 : 0.457288
[LightGBM] [Info] Iteration:46, training ndcg@3 : 0.601451
[LightGBM] [Info] Iteration:46, training ndcg@5 : 0.642458
[LightGBM] [Info] Iteration:46, valid_1 ndcg@1 : 0.417492
[LightGBM] [Info] Iteration:46, valid_1 ndcg@3 : 0.574126
[LightGBM] [Info] Iteration:46, valid_1 ndcg@5 : 0.619579
[LightGBM] [Info] 32.198099 seconds elapsed, finished iteration 46
[LightGBM] [Info] Iteration:47, training ndcg@1 : 0.458466
[LightGBM] [Info] Iteration:47, training ndcg@3 : 0.602391
[LightGBM] [Info] Iteration:47, training ndcg@5 : 0.643058
[LightGBM] [Info] Iteration:47, valid_1 ndcg@1 : 0.416667
[LightGBM] [Info] Iteration:47, valid_1 ndcg@3 : 0.57445
[LightGBM] [Info] Iteration:47, valid_1 ndcg@5 : 0.620186
[LightGBM] [Info] 32.929525 seconds elapsed, finished iteration 47
[LightGBM] [Info] Iteration:48, training ndcg@1 : 0.459055
[LightGBM] [Info] Iteration:48, training ndcg@3 : 0.603116
[LightGBM] [Info] Iteration:48, training ndcg@5 : 0.643413
[LightGBM] [Info] Iteration:48, valid_1 ndcg@1 : 0.416667
[LightGBM] [Info] Iteration:48, valid_1 ndcg@3 : 0.572387
[LightGBM] [Info] Iteration:48, valid_1 ndcg@5 : 0.619298
[LightGBM] [Info] 33.824112 seconds elapsed, finished iteration 48
[LightGBM] [Info] Iteration:49, training ndcg@1 : 0.460587
[LightGBM] [Info] Iteration:49, training ndcg@3 : 0.604438
[LightGBM] [Info] Iteration:49, training ndcg@5 : 0.644354
[LightGBM] [Info] Iteration:49, valid_1 ndcg@1 : 0.415842
[LightGBM] [Info] Iteration:49, valid_1 ndcg@3 : 0.57332
[LightGBM] [Info] Iteration:49, valid_1 ndcg@5 : 0.618809
[LightGBM] [Info] 34.264657 seconds elapsed, finished iteration 49
[LightGBM] [Info] Iteration:50, training ndcg@1 : 0.463297
[LightGBM] [Info] Iteration:50, training ndcg@3 : 0.605615
[LightGBM] [Info] Iteration:50, training ndcg@5 : 0.645536
[LightGBM] [Info] Iteration:50, valid_1 ndcg@1 : 0.416667
[LightGBM] [Info] Iteration:50, valid_1 ndcg@3 : 0.575796
[LightGBM] [Info] Iteration:50, valid_1 ndcg@5 : 0.619899
[LightGBM] [Info] 34.911898 seconds elapsed, finished iteration 50
[LightGBM] [Info] Iteration:51, training ndcg@1 : 0.464004
[LightGBM] [Info] Iteration:51, training ndcg@3 : 0.606083
[LightGBM] [Info] Iteration:51, training ndcg@5 : 0.645995
[LightGBM] [Info] Iteration:51, valid_1 ndcg@1 : 0.417492
[LightGBM] [Info] Iteration:51, valid_1 ndcg@3 : 0.576316
[LightGBM] [Info] Iteration:51, valid_1 ndcg@5 : 0.620986
[LightGBM] [Info] 35.739561 seconds elapsed, finished iteration 51
[LightGBM] [Info] Iteration:52, training ndcg@1 : 0.465536
[LightGBM] [Info] Iteration:52, training ndcg@3 : 0.607017
[LightGBM] [Info] Iteration:52, training ndcg@5 : 0.646864
[LightGBM] [Info] Iteration:52, valid_1 ndcg@1 : 0.415842
[LightGBM] [Info] Iteration:52, valid_1 ndcg@3 : 0.575619
[LightGBM] [Info] Iteration:52, valid_1 ndcg@5 : 0.620252
[LightGBM] [Info] 36.083799 seconds elapsed, finished iteration 52
[LightGBM] [Info] Iteration:53, training ndcg@1 : 0.466714
[LightGBM] [Info] Iteration:53, training ndcg@3 : 0.607396
[LightGBM] [Info] Iteration:53, training ndcg@5 : 0.647831
[LightGBM] [Info] Iteration:53, valid_1 ndcg@1 : 0.415842
[LightGBM] [Info] Iteration:53, valid_1 ndcg@3 : 0.574686
[LightGBM] [Info] Iteration:53, valid_1 ndcg@5 : 0.619
[LightGBM] [Info] 36.994100 seconds elapsed, finished iteration 53
[LightGBM] [Info] Iteration:54, training ndcg@1 : 0.468128
[LightGBM] [Info] Iteration:54, training ndcg@3 : 0.608218
[LightGBM] [Info] Iteration:54, training ndcg@5 : 0.64846
[LightGBM] [Info] Iteration:54, valid_1 ndcg@1 : 0.415842
[LightGBM] [Info] Iteration:54, valid_1 ndcg@3 : 0.573861
[LightGBM] [Info] Iteration:54, valid_1 ndcg@5 : 0.619916
[LightGBM] [Info] 37.932528 seconds elapsed, finished iteration 54
[LightGBM] [Info] Iteration:55, training ndcg@1 : 0.468481
[LightGBM] [Info] Iteration:55, training ndcg@3 : 0.608869
[LightGBM] [Info] Iteration:55, training ndcg@5 : 0.649313
[LightGBM] [Info] Iteration:55, valid_1 ndcg@1 : 0.415017
[LightGBM] [Info] Iteration:55, valid_1 ndcg@3 : 0.574273
[LightGBM] [Info] Iteration:55, valid_1 ndcg@5 : 0.619654
[LightGBM] [Info] 38.365324 seconds elapsed, finished iteration 55
[LightGBM] [Info] Iteration:56, training ndcg@1 : 0.468599
[LightGBM] [Info] Iteration:56, training ndcg@3 : 0.608869
[LightGBM] [Info] Iteration:56, training ndcg@5 : 0.64909
[LightGBM] [Info] Iteration:56, valid_1 ndcg@1 : 0.414191
[LightGBM] [Info] Iteration:56, valid_1 ndcg@3 : 0.575835
[LightGBM] [Info] Iteration:56, valid_1 ndcg@5 : 0.619794
[LightGBM] [Info] 39.001878 seconds elapsed, finished iteration 56
[LightGBM] [Info] Iteration:57, training ndcg@1 : 0.470249
[LightGBM] [Info] Iteration:57, training ndcg@3 : 0.610088
[LightGBM] [Info] Iteration:57, training ndcg@5 : 0.64999
[LightGBM] [Info] Iteration:57, valid_1 ndcg@1 : 0.412541
[LightGBM] [Info] Iteration:57, valid_1 ndcg@3 : 0.57553
[LightGBM] [Info] Iteration:57, valid_1 ndcg@5 : 0.618815
[LightGBM] [Info] 40.045274 seconds elapsed, finished iteration 57
[LightGBM] [Info] Iteration:58, training ndcg@1 : 0.470838
[LightGBM] [Info] Iteration:58, training ndcg@3 : 0.610467
[LightGBM] [Info] Iteration:58, training ndcg@5 : 0.650516
[LightGBM] [Info] Iteration:58, valid_1 ndcg@1 : 0.412541
[LightGBM] [Info] Iteration:58, valid_1 ndcg@3 : 0.575118
[LightGBM] [Info] Iteration:58, valid_1 ndcg@5 : 0.617764
[LightGBM] [Info] 40.993547 seconds elapsed, finished iteration 58
[LightGBM] [Info] Iteration:59, training ndcg@1 : 0.472016
[LightGBM] [Info] Iteration:59, training ndcg@3 : 0.611261
[LightGBM] [Info] Iteration:59, training ndcg@5 : 0.651436
[LightGBM] [Info] Iteration:59, valid_1 ndcg@1 : 0.415842
[LightGBM] [Info] Iteration:59, valid_1 ndcg@3 : 0.576336
[LightGBM] [Info] Iteration:59, valid_1 ndcg@5 : 0.619301
[LightGBM] [Info] 41.898149 seconds elapsed, finished iteration 59
[LightGBM] [Info] Iteration:60, training ndcg@1 : 0.473666
[LightGBM] [Info] Iteration:60, training ndcg@3 : 0.612272
[LightGBM] [Info] Iteration:60, training ndcg@5 : 0.652367
[LightGBM] [Info] Iteration:60, valid_1 ndcg@1 : 0.417492
[LightGBM] [Info] Iteration:60, valid_1 ndcg@3 : 0.577573
[LightGBM] [Info] Iteration:60, valid_1 ndcg@5 : 0.620183
[LightGBM] [Info] 42.274166 seconds elapsed, finished iteration 60
[LightGBM] [Info] Iteration:61, training ndcg@1 : 0.474019
[LightGBM] [Info] Iteration:61, training ndcg@3 : 0.612846
[LightGBM] [Info] Iteration:61, training ndcg@5 : 0.653284
[LightGBM] [Info] Iteration:61, valid_1 ndcg@1 : 0.416667
[LightGBM] [Info] Iteration:61, valid_1 ndcg@3 : 0.577573
[LightGBM] [Info] Iteration:61, valid_1 ndcg@5 : 0.621533
[LightGBM] [Info] 42.885008 seconds elapsed, finished iteration 61
[LightGBM] [Info] Iteration:62, training ndcg@1 : 0.475669
[LightGBM] [Info] Iteration:62, training ndcg@3 : 0.613593
[LightGBM] [Info] Iteration:62, training ndcg@5 : 0.65422
[LightGBM] [Info] Iteration:62, valid_1 ndcg@1 : 0.419967
[LightGBM] [Info] Iteration:62, valid_1 ndcg@3 : 0.578683
[LightGBM] [Info] Iteration:62, valid_1 ndcg@5 : 0.623281
[LightGBM] [Info] 43.881422 seconds elapsed, finished iteration 62
[LightGBM] [Info] Iteration:63, training ndcg@1 : 0.477436
[LightGBM] [Info] Iteration:63, training ndcg@3 : 0.61432
[LightGBM] [Info] Iteration:63, training ndcg@5 : 0.654876
[LightGBM] [Info] Iteration:63, valid_1 ndcg@1 : 0.419142
[LightGBM] [Info] Iteration:63, valid_1 ndcg@3 : 0.579008
[LightGBM] [Info] Iteration:63, valid_1 ndcg@5 : 0.622575
[LightGBM] [Info] 44.155535 seconds elapsed, finished iteration 63
[LightGBM] [Info] Iteration:64, training ndcg@1 : 0.479086
[LightGBM] [Info] Iteration:64, training ndcg@3 : 0.615213
[LightGBM] [Info] Iteration:64, training ndcg@5 : 0.655769
[LightGBM] [Info] Iteration:64, valid_1 ndcg@1 : 0.420792
[LightGBM] [Info] Iteration:64, valid_1 ndcg@3 : 0.578163
[LightGBM] [Info] Iteration:64, valid_1 ndcg@5 : 0.622086
[LightGBM] [Info] 44.848293 seconds elapsed, finished iteration 64
[LightGBM] [Info] Iteration:65, training ndcg@1 : 0.480028
[LightGBM] [Info] Iteration:65, training ndcg@3 : 0.615772
[LightGBM] [Info] Iteration:65, training ndcg@5 : 0.656242
[LightGBM] [Info] Iteration:65, valid_1 ndcg@1 : 0.420792
[LightGBM] [Info] Iteration:65, valid_1 ndcg@3 : 0.578163
[LightGBM] [Info] Iteration:65, valid_1 ndcg@5 : 0.622477
[LightGBM] [Info] 45.180719 seconds elapsed, finished iteration 65
[LightGBM] [Info] Iteration:66, training ndcg@1 : 0.481324
[LightGBM] [Info] Iteration:66, training ndcg@3 : 0.616622
[LightGBM] [Info] Iteration:66, training ndcg@5 : 0.657127
[LightGBM] [Info] Iteration:66, valid_1 ndcg@1 : 0.419967
[LightGBM] [Info] Iteration:66, valid_1 ndcg@3 : 0.57888
[LightGBM] [Info] Iteration:66, valid_1 ndcg@5 : 0.623158
[LightGBM] [Info] 45.793546 seconds elapsed, finished iteration 66
[LightGBM] [Info] Iteration:67, training ndcg@1 : 0.482385
[LightGBM] [Info] Iteration:67, training ndcg@3 : 0.617924
[LightGBM] [Info] Iteration:67, training ndcg@5 : 0.658129
[LightGBM] [Info] Iteration:67, valid_1 ndcg@1 : 0.418317
[LightGBM] [Info] Iteration:67, valid_1 ndcg@3 : 0.579204
[LightGBM] [Info] Iteration:67, valid_1 ndcg@5 : 0.622416
[LightGBM] [Info] 46.064328 seconds elapsed, finished iteration 67
[LightGBM] [Info] Iteration:68, training ndcg@1 : 0.485331
[LightGBM] [Info] Iteration:68, training ndcg@3 : 0.618847
[LightGBM] [Info] Iteration:68, training ndcg@5 : 0.65926
[LightGBM] [Info] Iteration:68, valid_1 ndcg@1 : 0.417492
[LightGBM] [Info] Iteration:68, valid_1 ndcg@3 : 0.577141
[LightGBM] [Info] Iteration:68, valid_1 ndcg@5 : 0.621703
[LightGBM] [Info] 46.785892 seconds elapsed, finished iteration 68
[LightGBM] [Info] Iteration:69, training ndcg@1 : 0.48592
[LightGBM] [Info] Iteration:69, training ndcg@3 : 0.619234
[LightGBM] [Info] Iteration:69, training ndcg@5 : 0.659759
[LightGBM] [Info] Iteration:69, valid_1 ndcg@1 : 0.416667
[LightGBM] [Info] Iteration:69, valid_1 ndcg@3 : 0.577573
[LightGBM] [Info] Iteration:69, valid_1 ndcg@5 : 0.621924
[LightGBM] [Info] 47.084219 seconds elapsed, finished iteration 69
[LightGBM] [Info] Iteration:70, training ndcg@1 : 0.488041
[LightGBM] [Info] Iteration:70, training ndcg@3 : 0.620481
[LightGBM] [Info] Iteration:70, training ndcg@5 : 0.660763
[LightGBM] [Info] Iteration:70, valid_1 ndcg@1 : 0.418317
[LightGBM] [Info] Iteration:70, valid_1 ndcg@3 : 0.577662
[LightGBM] [Info] Iteration:70, valid_1 ndcg@5 : 0.622832
[LightGBM] [Info] 47.933240 seconds elapsed, finished iteration 70
[LightGBM] [Info] Iteration:71, training ndcg@1 : 0.488983
[LightGBM] [Info] Iteration:71, training ndcg@3 : 0.621421
[LightGBM] [Info] Iteration:71, training ndcg@5 : 0.661393
[LightGBM] [Info] Iteration:71, valid_1 ndcg@1 : 0.418317
[LightGBM] [Info] Iteration:71, valid_1 ndcg@3 : 0.577446
[LightGBM] [Info] Iteration:71, valid_1 ndcg@5 : 0.622862
[LightGBM] [Info] 48.231381 seconds elapsed, finished iteration 71
[LightGBM] [Info] Iteration:72, training ndcg@1 : 0.48969
[LightGBM] [Info] Iteration:72, training ndcg@3 : 0.622156
[LightGBM] [Info] Iteration:72, training ndcg@5 : 0.661976
[LightGBM] [Info] Iteration:72, valid_1 ndcg@1 : 0.415842
[LightGBM] [Info] Iteration:72, valid_1 ndcg@3 : 0.577485
[LightGBM] [Info] Iteration:72, valid_1 ndcg@5 : 0.621444
[LightGBM] [Info] 48.960284 seconds elapsed, finished iteration 72
[LightGBM] [Info] Iteration:73, training ndcg@1 : 0.490044
[LightGBM] [Info] Iteration:73, training ndcg@3 : 0.622689
[LightGBM] [Info] Iteration:73, training ndcg@5 : 0.662518
[LightGBM] [Info] Iteration:73, valid_1 ndcg@1 : 0.417492
[LightGBM] [Info] Iteration:73, valid_1 ndcg@3 : 0.578507
[LightGBM] [Info] Iteration:73, valid_1 ndcg@5 : 0.623387
[LightGBM] [Info] 49.199890 seconds elapsed, finished iteration 73
[LightGBM] [Info] Iteration:74, training ndcg@1 : 0.490397
[LightGBM] [Info] Iteration:74, training ndcg@3 : 0.623076
[LightGBM] [Info] Iteration:74, training ndcg@5 : 0.66287
[LightGBM] [Info] Iteration:74, valid_1 ndcg@1 : 0.421617
[LightGBM] [Info] Iteration:74, valid_1 ndcg@3 : 0.580442
[LightGBM] [Info] Iteration:74, valid_1 ndcg@5 : 0.625286
[LightGBM] [Info] 49.861695 seconds elapsed, finished iteration 74
[LightGBM] [Info] Iteration:75, training ndcg@1 : 0.492164
[LightGBM] [Info] Iteration:75, training ndcg@3 : 0.624205
[LightGBM] [Info] Iteration:75, training ndcg@5 : 0.663882
[LightGBM] [Info] Iteration:75, valid_1 ndcg@1 : 0.421617
[LightGBM] [Info] Iteration:75, valid_1 ndcg@3 : 0.580962
[LightGBM] [Info] Iteration:75, valid_1 ndcg@5 : 0.625096
[LightGBM] [Info] 51.157787 seconds elapsed, finished iteration 75
[LightGBM] [Info] Iteration:76, training ndcg@1 : 0.493225
[LightGBM] [Info] Iteration:76, training ndcg@3 : 0.624658
[LightGBM] [Info] Iteration:76, training ndcg@5 : 0.664549
[LightGBM] [Info] Iteration:76, valid_1 ndcg@1 : 0.421617
[LightGBM] [Info] Iteration:76, valid_1 ndcg@3 : 0.581483
[LightGBM] [Info] Iteration:76, valid_1 ndcg@5 : 0.625333
[LightGBM] [Info] 53.056304 seconds elapsed, finished iteration 76
[LightGBM] [Info] Iteration:77, training ndcg@1 : 0.494403
[LightGBM] [Info] Iteration:77, training ndcg@3 : 0.625467
[LightGBM] [Info] Iteration:77, training ndcg@5 : 0.665302
[LightGBM] [Info] Iteration:77, valid_1 ndcg@1 : 0.420792
[LightGBM] [Info] Iteration:77, valid_1 ndcg@3 : 0.58109
[LightGBM] [Info] Iteration:77, valid_1 ndcg@5 : 0.62526
[LightGBM] [Info] 53.894511 seconds elapsed, finished iteration 77
[LightGBM] [Info] Iteration:78, training ndcg@1 : 0.495228
[LightGBM] [Info] Iteration:78, training ndcg@3 : 0.625905
[LightGBM] [Info] Iteration:78, training ndcg@5 : 0.66571
[LightGBM] [Info] Iteration:78, valid_1 ndcg@1 : 0.421617
[LightGBM] [Info] Iteration:78, valid_1 ndcg@3 : 0.581394
[LightGBM] [Info] Iteration:78, valid_1 ndcg@5 : 0.625956
[LightGBM] [Info] 54.677254 seconds elapsed, finished iteration 78
[LightGBM] [Info] Iteration:79, training ndcg@1 : 0.495581
[LightGBM] [Info] Iteration:79, training ndcg@3 : 0.626256
[LightGBM] [Info] Iteration:79, training ndcg@5 : 0.665919
[LightGBM] [Info] Iteration:79, valid_1 ndcg@1 : 0.419142
[LightGBM] [Info] Iteration:79, valid_1 ndcg@3 : 0.580265
[LightGBM] [Info] Iteration:79, valid_1 ndcg@5 : 0.625573
[LightGBM] [Info] 54.947949 seconds elapsed, finished iteration 79
[LightGBM] [Info] Iteration:80, training ndcg@1 : 0.495935
[LightGBM] [Info] Iteration:80, training ndcg@3 : 0.626466
[LightGBM] [Info] Iteration:80, training ndcg@5 : 0.666357
[LightGBM] [Info] Iteration:80, valid_1 ndcg@1 : 0.420792
[LightGBM] [Info] Iteration:80, valid_1 ndcg@3 : 0.582131
[LightGBM] [Info] Iteration:80, valid_1 ndcg@5 : 0.627084
[LightGBM] [Info] 55.801252 seconds elapsed, finished iteration 80
[LightGBM] [Info] Iteration:81, training ndcg@1 : 0.498645
[LightGBM] [Info] Iteration:81, training ndcg@3 : 0.627807
[LightGBM] [Info] Iteration:81, training ndcg@5 : 0.667617
[LightGBM] [Info] Iteration:81, valid_1 ndcg@1 : 0.420792
[LightGBM] [Info] Iteration:81, valid_1 ndcg@3 : 0.582219
[LightGBM] [Info] Iteration:81, valid_1 ndcg@5 : 0.626462
[LightGBM] [Info] 56.128279 seconds elapsed, finished iteration 81
[LightGBM] [Info] Iteration:82, training ndcg@1 : 0.49947
[LightGBM] [Info] Iteration:82, training ndcg@3 : 0.628096
[LightGBM] [Info] Iteration:82, training ndcg@5 : 0.66816
[LightGBM] [Info] Iteration:82, valid_1 ndcg@1 : 0.420792
[LightGBM] [Info] Iteration:82, valid_1 ndcg@3 : 0.581591
[LightGBM] [Info] Iteration:82, valid_1 ndcg@5 : 0.625231
[LightGBM] [Info] 56.874756 seconds elapsed, finished iteration 82
[LightGBM] [Info] Iteration:83, training ndcg@1 : 0.500177
[LightGBM] [Info] Iteration:83, training ndcg@3 : 0.62876
[LightGBM] [Info] Iteration:83, training ndcg@5 : 0.668651
[LightGBM] [Info] Iteration:83, valid_1 ndcg@1 : 0.419142
[LightGBM] [Info] Iteration:83, valid_1 ndcg@3 : 0.580874
[LightGBM] [Info] Iteration:83, valid_1 ndcg@5 : 0.624869
[LightGBM] [Info] 57.124467 seconds elapsed, finished iteration 83
[LightGBM] [Info] Iteration:84, training ndcg@1 : 0.501591
[LightGBM] [Info] Iteration:84, training ndcg@3 : 0.629492
[LightGBM] [Info] Iteration:84, training ndcg@5 : 0.6695
[LightGBM] [Info] Iteration:84, valid_1 ndcg@1 : 0.421617
[LightGBM] [Info] Iteration:84, valid_1 ndcg@3 : 0.58272
[LightGBM] [Info] Iteration:84, valid_1 ndcg@5 : 0.626396
[LightGBM] [Info] 57.771484 seconds elapsed, finished iteration 84
[LightGBM] [Info] Iteration:85, training ndcg@1 : 0.502062
[LightGBM] [Info] Iteration:85, training ndcg@3 : 0.62991
[LightGBM] [Info] Iteration:85, training ndcg@5 : 0.669765
[LightGBM] [Info] Iteration:85, valid_1 ndcg@1 : 0.422442
[LightGBM] [Info] Iteration:85, valid_1 ndcg@3 : 0.582917
[LightGBM] [Info] Iteration:85, valid_1 ndcg@5 : 0.626629
[LightGBM] [Info] 57.947206 seconds elapsed, finished iteration 85
[LightGBM] [Info] Iteration:86, training ndcg@1 : 0.503005
[LightGBM] [Info] Iteration:86, training ndcg@3 : 0.630248
[LightGBM] [Info] Iteration:86, training ndcg@5 : 0.670327
[LightGBM] [Info] Iteration:86, valid_1 ndcg@1 : 0.423267
[LightGBM] [Info] Iteration:86, valid_1 ndcg@3 : 0.582917
[LightGBM] [Info] Iteration:86, valid_1 ndcg@5 : 0.627231
[LightGBM] [Info] 58.216756 seconds elapsed, finished iteration 86
[LightGBM] [Info] Iteration:87, training ndcg@1 : 0.503476
[LightGBM] [Info] Iteration:87, training ndcg@3 : 0.63088
[LightGBM] [Info] Iteration:87, training ndcg@5 : 0.670666
[LightGBM] [Info] Iteration:87, valid_1 ndcg@1 : 0.421617
[LightGBM] [Info] Iteration:87, valid_1 ndcg@3 : 0.582396
[LightGBM] [Info] Iteration:87, valid_1 ndcg@5 : 0.626783
[LightGBM] [Info] 58.845725 seconds elapsed, finished iteration 87
[LightGBM] [Info] Iteration:88, training ndcg@1 : 0.50489
[LightGBM] [Info] Iteration:88, training ndcg@3 : 0.631659
[LightGBM] [Info] Iteration:88, training ndcg@5 : 0.671495
[LightGBM] [Info] Iteration:88, valid_1 ndcg@1 : 0.424092
[LightGBM] [Info] Iteration:88, valid_1 ndcg@3 : 0.58331
[LightGBM] [Info] Iteration:88, valid_1 ndcg@5 : 0.627769
[LightGBM] [Info] 59.095634 seconds elapsed, finished iteration 88
[LightGBM] [Info] Iteration:89, training ndcg@1 : 0.504654
[LightGBM] [Info] Iteration:89, training ndcg@3 : 0.631736
[LightGBM] [Info] Iteration:89, training ndcg@5 : 0.671784
[LightGBM] [Info] Iteration:89, valid_1 ndcg@1 : 0.424917
[LightGBM] [Info] Iteration:89, valid_1 ndcg@3 : 0.583614
[LightGBM] [Info] Iteration:89, valid_1 ndcg@5 : 0.628248
[LightGBM] [Info] 59.826143 seconds elapsed, finished iteration 89
[LightGBM] [Info] Iteration:90, training ndcg@1 : 0.50489
[LightGBM] [Info] Iteration:90, training ndcg@3 : 0.632108
[LightGBM] [Info] Iteration:90, training ndcg@5 : 0.672125
[LightGBM] [Info] Iteration:90, valid_1 ndcg@1 : 0.425743
[LightGBM] [Info] Iteration:90, valid_1 ndcg@3 : 0.584115
[LightGBM] [Info] Iteration:90, valid_1 ndcg@5 : 0.628002
[LightGBM] [Info] 60.308279 seconds elapsed, finished iteration 90
[LightGBM] [Info] Iteration:91, training ndcg@1 : 0.505715
[LightGBM] [Info] Iteration:91, training ndcg@3 : 0.632827
[LightGBM] [Info] Iteration:91, training ndcg@5 : 0.672768
[LightGBM] [Info] Iteration:91, valid_1 ndcg@1 : 0.423267
[LightGBM] [Info] Iteration:91, valid_1 ndcg@3 : 0.583094
[LightGBM] [Info] Iteration:91, valid_1 ndcg@5 : 0.627017
[LightGBM] [Info] 60.863697 seconds elapsed, finished iteration 91
[LightGBM] [Info] Iteration:92, training ndcg@1 : 0.506893
[LightGBM] [Info] Iteration:92, training ndcg@3 : 0.633337
[LightGBM] [Info] Iteration:92, training ndcg@5 : 0.673151
[LightGBM] [Info] Iteration:92, valid_1 ndcg@1 : 0.422442
[LightGBM] [Info] Iteration:92, valid_1 ndcg@3 : 0.582897
[LightGBM] [Info] Iteration:92, valid_1 ndcg@5 : 0.62682
[LightGBM] [Info] 61.916092 seconds elapsed, finished iteration 92
[LightGBM] [Info] Iteration:93, training ndcg@1 : 0.507364
[LightGBM] [Info] Iteration:93, training ndcg@3 : 0.633603
[LightGBM] [Info] Iteration:93, training ndcg@5 : 0.673671
[LightGBM] [Info] Iteration:93, valid_1 ndcg@1 : 0.424092
[LightGBM] [Info] Iteration:93, valid_1 ndcg@3 : 0.583094
[LightGBM] [Info] Iteration:93, valid_1 ndcg@5 : 0.627727
[LightGBM] [Info] 62.166569 seconds elapsed, finished iteration 93
[LightGBM] [Info] Iteration:94, training ndcg@1 : 0.507836
[LightGBM] [Info] Iteration:94, training ndcg@3 : 0.633972
[LightGBM] [Info] Iteration:94, training ndcg@5 : 0.674177
[LightGBM] [Info] Iteration:94, valid_1 ndcg@1 : 0.425743
[LightGBM] [Info] Iteration:94, valid_1 ndcg@3 : 0.583595
[LightGBM] [Info] Iteration:94, valid_1 ndcg@5 : 0.628192
[LightGBM] [Info] 62.805079 seconds elapsed, finished iteration 94
[LightGBM] [Info] Iteration:95, training ndcg@1 : 0.509721
[LightGBM] [Info] Iteration:95, training ndcg@3 : 0.635096
[LightGBM] [Info] Iteration:95, training ndcg@5 : 0.674961
[LightGBM] [Info] Iteration:95, valid_1 ndcg@1 : 0.424917
[LightGBM] [Info] Iteration:95, valid_1 ndcg@3 : 0.583919
[LightGBM] [Info] Iteration:95, valid_1 ndcg@5 : 0.627806
[LightGBM] [Info] 63.046569 seconds elapsed, finished iteration 95
[LightGBM] [Info] Iteration:96, training ndcg@1 : 0.510074
[LightGBM] [Info] Iteration:96, training ndcg@3 : 0.635434
[LightGBM] [Info] Iteration:96, training ndcg@5 : 0.67535
[LightGBM] [Info] Iteration:96, valid_1 ndcg@1 : 0.425743
[LightGBM] [Info] Iteration:96, valid_1 ndcg@3 : 0.584223
[LightGBM] [Info] Iteration:96, valid_1 ndcg@5 : 0.62811
[LightGBM] [Info] 63.725406 seconds elapsed, finished iteration 96
[LightGBM] [Info] Iteration:97, training ndcg@1 : 0.510192
[LightGBM] [Info] Iteration:97, training ndcg@3 : 0.635536
[LightGBM] [Info] Iteration:97, training ndcg@5 : 0.67562
[LightGBM] [Info] Iteration:97, valid_1 ndcg@1 : 0.424092
[LightGBM] [Info] Iteration:97, valid_1 ndcg@3 : 0.583722
[LightGBM] [Info] Iteration:97, valid_1 ndcg@5 : 0.627928
[LightGBM] [Info] 64.035360 seconds elapsed, finished iteration 97
[LightGBM] [Info] Iteration:98, training ndcg@1 : 0.511253
[LightGBM] [Info] Iteration:98, training ndcg@3 : 0.635946
[LightGBM] [Info] Iteration:98, training ndcg@5 : 0.675989
[LightGBM] [Info] Iteration:98, valid_1 ndcg@1 : 0.428218
[LightGBM] [Info] Iteration:98, valid_1 ndcg@3 : 0.584312
[LightGBM] [Info] Iteration:98, valid_1 ndcg@5 : 0.629229
[LightGBM] [Info] 64.197460 seconds elapsed, finished iteration 98
[LightGBM] [Info] Iteration:99, training ndcg@1 : 0.51137
[LightGBM] [Info] Iteration:99, training ndcg@3 : 0.636005
[LightGBM] [Info] Iteration:99, training ndcg@5 : 0.676058
[LightGBM] [Info] Iteration:99, valid_1 ndcg@1 : 0.429043
[LightGBM] [Info] Iteration:99, valid_1 ndcg@3 : 0.584616
[LightGBM] [Info] Iteration:99, valid_1 ndcg@5 : 0.628858
[LightGBM] [Info] 64.896047 seconds elapsed, finished iteration 99
[LightGBM] [Info] Iteration:100, training ndcg@1 : 0.512077
[LightGBM] [Info] Iteration:100, training ndcg@3 : 0.636606
[LightGBM] [Info] Iteration:100, training ndcg@5 : 0.67666
[LightGBM] [Info] Iteration:100, valid_1 ndcg@1 : 0.429043
[LightGBM] [Info] Iteration:100, valid_1 ndcg@3 : 0.584724
[LightGBM] [Info] Iteration:100, valid_1 ndcg@5 : 0.628611
[LightGBM] [Info] 65.584499 seconds elapsed, finished iteration 100
[LightGBM] [Info] Finished training
